<?xml version="1.0" encoding="UTF-8"?>
<testng-results skipped="0" failed="0" ignored="0" total="3" passed="3">
  <reporter-output>
  </reporter-output>
  <suite name="Default suite" duration-ms="44462" started-at="2019-04-17T19:21:06Z" finished-at="2019-04-17T19:21:51Z">
    <groups>
    </groups>
    <test name="Default test" duration-ms="44462" started-at="2019-04-17T19:21:06Z" finished-at="2019-04-17T19:21:51Z">
      <class name="sample.DataReadAndLogin">
        <test-method status="PASS" signature="login(java.lang.String, java.lang.String)[pri:0, instance:sample.DataReadAndLogin@4678c730]" name="login" duration-ms="19220" started-at="2019-04-17T19:21:07Z" data-provider="testdata" finished-at="2019-04-17T19:21:26Z">
          <params>
            <param index="0">
              <value>
                <![CDATA[abcd]]>
              </value>
            </param>
            <param index="1">
              <value>
                <![CDATA[abcd123]]>
              </value>
            </param>
          </params>
          <reporter-output>
          </reporter-output>
        </test-method> <!-- login -->
        <test-method status="PASS" signature="login(java.lang.String, java.lang.String)[pri:0, instance:sample.DataReadAndLogin@4678c730]" name="login" duration-ms="14273" started-at="2019-04-17T19:21:26Z" data-provider="testdata" finished-at="2019-04-17T19:21:40Z">
          <params>
            <param index="0">
              <value>
                <![CDATA[Forament]]>
              </value>
            </param>
            <param index="1">
              <value>
                <![CDATA[Forament123]]>
              </value>
            </param>
          </params>
          <reporter-output>
          </reporter-output>
        </test-method> <!-- login -->
        <test-method status="PASS" signature="login(java.lang.String, java.lang.String)[pri:0, instance:sample.DataReadAndLogin@4678c730]" name="login" duration-ms="10514" started-at="2019-04-17T19:21:40Z" data-provider="testdata" finished-at="2019-04-17T19:21:51Z">
          <params>
            <param index="0">
              <value>
                <![CDATA[ashwin]]>
              </value>
            </param>
            <param index="1">
              <value>
                <![CDATA[ashwin123]]>
              </value>
            </param>
          </params>
          <reporter-output>
          </reporter-output>
        </test-method> <!-- login -->
      </class> <!-- sample.DataReadAndLogin -->
    </test> <!-- Default test -->
  </suite> <!-- Default suite -->
</testng-results>
