<?xml version="1.0" encoding="UTF-8"?>
<!-- Generated by org.testng.reporters.JUnitXMLReporter -->
<testsuite hostname="Ashwin" ignored="0" name="Default test" tests="3" failures="0" timestamp="02 Sep 2019 19:54:31 GMT" time="34.341" errors="0">
  <testcase name="loginPageTitleTest" time="0.041" classname="com.crm.qa.testcases.LoginPageTest"/>
  <testcase name="logoImageTest" time="0.074" classname="com.crm.qa.testcases.LoginPageTest"/>
  <testcase name="loginTest" time="3.78" classname="com.crm.qa.testcases.LoginPageTest"/>
</testsuite> <!-- Default test -->
