<?xml version="1.0" encoding="UTF-8"?>
<testng-results skipped="0" failed="0" ignored="0" total="3" passed="3">
  <reporter-output>
  </reporter-output>
  <suite name="Default suite" duration-ms="34341" started-at="2019-09-02T19:53:57Z" finished-at="2019-09-02T19:54:31Z">
    <groups>
    </groups>
    <test name="Default test" duration-ms="34341" started-at="2019-09-02T19:53:57Z" finished-at="2019-09-02T19:54:31Z">
      <class name="com.crm.qa.testcases.LoginPageTest">
        <test-method status="PASS" signature="setUp()[pri:0, instance:com.crm.qa.testcases.LoginPageTest@47c62251]" name="setUp" is-config="true" duration-ms="8660" started-at="2019-09-02T19:53:57Z" finished-at="2019-09-02T19:54:05Z">
          <reporter-output>
          </reporter-output>
        </test-method> <!-- setUp -->
        <test-method status="PASS" signature="loginPageTitleTest()[pri:1, instance:com.crm.qa.testcases.LoginPageTest@47c62251]" name="loginPageTitleTest" duration-ms="41" started-at="2019-09-02T19:54:05Z" finished-at="2019-09-02T19:54:05Z">
          <reporter-output>
          </reporter-output>
        </test-method> <!-- loginPageTitleTest -->
        <test-method status="PASS" signature="close()[pri:0, instance:com.crm.qa.testcases.LoginPageTest@47c62251]" name="close" is-config="true" duration-ms="929" started-at="2019-09-02T19:54:05Z" finished-at="2019-09-02T19:54:06Z">
          <reporter-output>
          </reporter-output>
        </test-method> <!-- close -->
        <test-method status="PASS" signature="setUp()[pri:0, instance:com.crm.qa.testcases.LoginPageTest@47c62251]" name="setUp" is-config="true" duration-ms="7029" started-at="2019-09-02T19:54:06Z" finished-at="2019-09-02T19:54:13Z">
          <reporter-output>
          </reporter-output>
        </test-method> <!-- setUp -->
        <test-method status="PASS" signature="logoImageTest()[pri:2, instance:com.crm.qa.testcases.LoginPageTest@47c62251]" name="logoImageTest" duration-ms="74" started-at="2019-09-02T19:54:13Z" finished-at="2019-09-02T19:54:13Z">
          <reporter-output>
          </reporter-output>
        </test-method> <!-- logoImageTest -->
        <test-method status="PASS" signature="close()[pri:0, instance:com.crm.qa.testcases.LoginPageTest@47c62251]" name="close" is-config="true" duration-ms="1072" started-at="2019-09-02T19:54:13Z" finished-at="2019-09-02T19:54:15Z">
          <reporter-output>
          </reporter-output>
        </test-method> <!-- close -->
        <test-method status="PASS" signature="setUp()[pri:0, instance:com.crm.qa.testcases.LoginPageTest@47c62251]" name="setUp" is-config="true" duration-ms="7694" started-at="2019-09-02T19:54:15Z" finished-at="2019-09-02T19:54:22Z">
          <reporter-output>
          </reporter-output>
        </test-method> <!-- setUp -->
        <test-method status="PASS" signature="loginTest()[pri:3, instance:com.crm.qa.testcases.LoginPageTest@47c62251]" name="loginTest" duration-ms="3780" started-at="2019-09-02T19:54:22Z" finished-at="2019-09-02T19:54:26Z">
          <reporter-output>
          </reporter-output>
        </test-method> <!-- loginTest -->
        <test-method status="PASS" signature="close()[pri:0, instance:com.crm.qa.testcases.LoginPageTest@47c62251]" name="close" is-config="true" duration-ms="5003" started-at="2019-09-02T19:54:26Z" finished-at="2019-09-02T19:54:31Z">
          <reporter-output>
          </reporter-output>
        </test-method> <!-- close -->
      </class> <!-- com.crm.qa.testcases.LoginPageTest -->
    </test> <!-- Default test -->
  </suite> <!-- Default suite -->
</testng-results>
